<?xml version="1.0" encoding="UTF-8"?>
<!-- Generated by org.testng.reporters.JUnitXMLReporter -->
<testsuite ignored="0" hostname="DESKTOP-BTQ2T4D" failures="0" tests="3" name="ParallelTest" time="51.79" errors="0" timestamp="2023-01-22T10:52:24 IST">
  <testcase classname="testNG_parallelTests.ParallelTest1" name="logoTest" time="39.756"/>
  <testcase classname="testNG_parallelTests.ParallelTest1" name="verifyTitle" time="49.861"/>
  <testcase classname="testNG_parallelTests.ParallelTest2" name="loginTest" time="49.89"/>
</testsuite> <!-- ParallelTest -->
